<?xml version="1.0"?>
<!DOCTYPE coverage SYSTEM "http://cobertura.sourceforge.net/xml/coverage-04.dtd">

<coverage line-rate="0.64" branch-rate="0.0" lines-covered="16" lines-valid="25" branches-covered="0" branches-valid="2" complexity="1.1" version="1.9.4.1" timestamp="1360575994115">
	<sources>
		<source>--source</source>
		<source>/Users/golo/devel/src/java/16_Demo_Junit/16_Demo_Junit/src/main/java</source>
	</sources>
	<packages>
		<package name="curso.demo16" line-rate="0.64" branch-rate="0.0" complexity="1.1">
			<classes>
				<class name="curso.demo16.Calculator" filename="curso/demo16/Calculator.java" line-rate="1.0" branch-rate="1.0" complexity="1.0">
					<methods>
						<method name="&lt;init&gt;" signature="()V" line-rate="1.0" branch-rate="1.0">
							<lines>
								<line number="3" hits="7" branch="false"/>
							</lines>
						</method>
						<method name="add" signature="()V" line-rate="1.0" branch-rate="1.0">
							<lines>
								<line number="10" hits="1" branch="false"/>
								<line number="11" hits="1" branch="false"/>
							</lines>
						</method>
						<method name="del" signature="()V" line-rate="1.0" branch-rate="1.0">
							<lines>
								<line number="14" hits="1" branch="false"/>
								<line number="15" hits="1" branch="false"/>
							</lines>
						</method>
						<method name="div" signature="()V" line-rate="1.0" branch-rate="1.0">
							<lines>
								<line number="22" hits="2" branch="false"/>
								<line number="23" hits="1" branch="false"/>
							</lines>
						</method>
						<method name="getA" signature="()I" line-rate="1.0" branch-rate="1.0">
							<lines>
								<line number="28" hits="1" branch="false"/>
							</lines>
						</method>
						<method name="getB" signature="()I" line-rate="1.0" branch-rate="1.0">
							<lines>
								<line number="36" hits="1" branch="false"/>
							</lines>
						</method>
						<method name="getRes" signature="()I" line-rate="1.0" branch-rate="1.0">
							<lines>
								<line number="44" hits="4" branch="false"/>
							</lines>
						</method>
						<method name="mul" signature="()V" line-rate="1.0" branch-rate="1.0">
							<lines>
								<line number="18" hits="1" branch="false"/>
								<line number="19" hits="1" branch="false"/>
							</lines>
						</method>
						<method name="setA" signature="(I)V" line-rate="1.0" branch-rate="1.0">
							<lines>
								<line number="32" hits="7" branch="false"/>
								<line number="33" hits="7" branch="false"/>
							</lines>
						</method>
						<method name="setB" signature="(I)V" line-rate="1.0" branch-rate="1.0">
							<lines>
								<line number="40" hits="8" branch="false"/>
								<line number="41" hits="8" branch="false"/>
							</lines>
						</method>
					</methods>
					<lines>
						<line number="3" hits="7" branch="false"/>
						<line number="10" hits="1" branch="false"/>
						<line number="11" hits="1" branch="false"/>
						<line number="14" hits="1" branch="false"/>
						<line number="15" hits="1" branch="false"/>
						<line number="18" hits="1" branch="false"/>
						<line number="19" hits="1" branch="false"/>
						<line number="22" hits="2" branch="false"/>
						<line number="23" hits="1" branch="false"/>
						<line number="28" hits="1" branch="false"/>
						<line number="32" hits="7" branch="false"/>
						<line number="33" hits="7" branch="false"/>
						<line number="36" hits="1" branch="false"/>
						<line number="40" hits="8" branch="false"/>
						<line number="41" hits="8" branch="false"/>
						<line number="44" hits="4" branch="false"/>
					</lines>
				</class>
				<class name="curso.demo16.CalculatorTest" filename="curso/demo16/CalculatorTest.java" line-rate="0.0" branch-rate="0.0" complexity="2.0">
					<methods>
						<method name="&lt;init&gt;" signature="()V" line-rate="0.0" branch-rate="1.0">
							<lines>
								<line number="3" hits="0" branch="false"/>
							</lines>
						</method>
						<method name="main" signature="([Ljava/lang/String;)V" line-rate="0.0" branch-rate="0.0">
							<lines>
								<line number="6" hits="0" branch="false"/>
								<line number="7" hits="0" branch="false"/>
								<line number="8" hits="0" branch="false"/>
								<line number="9" hits="0" branch="false"/>
								<line number="11" hits="0" branch="true" condition-coverage="0% (0/2)">
									<conditions>
										<condition number="0" type="jump" coverage="0%"/>
									</conditions>
								</line>
								<line number="12" hits="0" branch="false"/>
								<line number="14" hits="0" branch="false"/>
								<line number="16" hits="0" branch="false"/>
							</lines>
						</method>
					</methods>
					<lines>
						<line number="3" hits="0" branch="false"/>
						<line number="6" hits="0" branch="false"/>
						<line number="7" hits="0" branch="false"/>
						<line number="8" hits="0" branch="false"/>
						<line number="9" hits="0" branch="false"/>
						<line number="11" hits="0" branch="true" condition-coverage="0% (0/2)">
							<conditions>
								<condition number="0" type="jump" coverage="0%"/>
							</conditions>
						</line>
						<line number="12" hits="0" branch="false"/>
						<line number="14" hits="0" branch="false"/>
						<line number="16" hits="0" branch="false"/>
					</lines>
				</class>
			</classes>
		</package>
	</packages>
</coverage>
